[2026-05-26T02:38:49.583Z] [32minfo[39m: Server started on port 3000
[2026-05-26T02:38:57.531Z] [32minfo[39m: Server started on port 3000
[2026-05-26T02:39:42.955Z] [32minfo[39m: Server started on port 3000
[2026-05-26T02:39:55.395Z] [32minfo[39m: Server started on port 3000
[2026-05-26T02:39:58.241Z] [32minfo[39m: Server started on port 3000
[2026-05-26T02:40:04.678Z] [32minfo[39m: Server started on port 3000
[2026-05-26T02:40:09.716Z] [32minfo[39m: Server started on port 3000
[2026-05-26T02:40:10.799Z] [32minfo[39m: Server started on port 3000
[2026-05-26T02:40:50.937Z] [32minfo[39m: Server started on port 3000
[2026-05-26T02:40:52.852Z] [32minfo[39m: Server started on port 3000
[2026-05-26T02:41:05.661Z] [32minfo[39m: Server started on port 3000
[2026-05-26T02:41:07.902Z] [32minfo[39m: Server started on port 3000
[2026-05-26T02:41:09.815Z] [32minfo[39m: Server started on port 3000
[2026-05-26T02:41:59.669Z] [32minfo[39m: Server started on port 3000
[2026-05-26T02:42:00.910Z] [32minfo[39m: Server started on port 3000
[2026-05-26T02:42:05.168Z] [32minfo[39m: Server started on port 3000
[2026-05-26T02:42:49.569Z] [32minfo[39m: Server started on port 3000
[2026-05-26T02:43:14.222Z] [32minfo[39m: Server started on port 3000
[2026-05-26T02:43:17.134Z] [32minfo[39m: Server started on port 3000
[2026-05-26T02:43:58.800Z] [32minfo[39m: Server started on port 3000
[2026-05-26T02:44:01.474Z] [32minfo[39m: Server started on port 3000
[2026-05-26T02:44:04.181Z] [32minfo[39m: Server started on port 3000
[2026-05-26T02:44:07.175Z] [32minfo[39m: Server started on port 3000
[2026-05-26T02:44:30.671Z] [32minfo[39m: Server started on port 3000
[2026-05-26T02:44:41.411Z] [32minfo[39m: Server started on port 3000
[2026-05-26T02:45:31.119Z] [32minfo[39m: Server started on port 3000
[2026-05-26T02:45:33.770Z] [32minfo[39m: Server started on port 3000
[2026-05-26T02:48:22.858Z] [32minfo[39m: Server started on port 3000
[2026-05-26T02:48:33.807Z] [32minfo[39m: Server started on port 3000
[2026-05-26T02:48:35.143Z] [32minfo[39m: Server started on port 3000
[2026-05-26T02:48:39.183Z] [32minfo[39m: Server started on port 3000
[2026-05-26T02:48:41.283Z] [32minfo[39m: Server started on port 3000
[2026-05-26T02:48:43.321Z] [32minfo[39m: Server started on port 3000
[2026-05-26T02:48:48.177Z] [32minfo[39m: Server started on port 3000
[2026-05-26T02:48:50.864Z] [32minfo[39m: Server started on port 3000
[2026-05-26T02:48:57.928Z] [32minfo[39m: Server started on port 3000
[2026-05-26T02:49:00.456Z] [32minfo[39m: Server started on port 3000
[2026-05-26T02:49:04.939Z] [32minfo[39m: Server started on port 3000
[2026-05-26T02:49:07.595Z] [32minfo[39m: Server started on port 3000
[2026-05-26T02:49:13.796Z] [32minfo[39m: Server started on port 3000
[2026-05-26T02:49:18.668Z] [32minfo[39m: Server started on port 3000
[2026-05-26T02:49:20.051Z] [32minfo[39m: Server started on port 3000
[2026-05-26T02:49:31.336Z] [32minfo[39m: Server started on port 3000
[2026-05-26T02:49:32.929Z] [32minfo[39m: Server started on port 3000
[2026-05-26T02:49:50.972Z] [32minfo[39m: Server started on port 3000
[2026-05-26T02:49:54.232Z] [32minfo[39m: Server started on port 3000
[2026-05-26T02:49:56.956Z] [32minfo[39m: Server started on port 3000
[2026-05-26T02:50:03.037Z] [32minfo[39m: Server started on port 3000
[2026-05-26T02:50:22.539Z] [32minfo[39m: Server started on port 3000
[2026-05-26T02:50:38.267Z] [32minfo[39m: POST /api/test
[2026-05-26T02:50:39.683Z] [32minfo[39m: POST /api/test
[2026-05-26T02:50:40.166Z] [32minfo[39m: POST /api/test
[2026-05-26T02:50:47.820Z] [32minfo[39m: Server started on port 3000
[2026-05-26T02:50:56.508Z] [32minfo[39m: Server started on port 3000
[2026-05-26T02:51:02.903Z] [32minfo[39m: POST /api/test
[2026-05-26T02:51:20.475Z] [32minfo[39m: Server started on port 3000
[2026-05-26T02:51:36.818Z] [32minfo[39m: POST /api/test
[2026-05-26T02:51:37.444Z] [32minfo[39m: POST /api/test
[2026-05-26T02:51:44.821Z] [32minfo[39m: Server started on port 3000
[2026-05-26T02:52:22.526Z] [32minfo[39m: Server started on port 3000
[2026-05-26T02:52:56.242Z] [32minfo[39m: GET /api/test
[2026-05-26T02:53:08.888Z] [32minfo[39m: Server started on port 3000
[2026-05-26T02:53:10.513Z] [32minfo[39m: GET /api/test
[2026-05-26T02:53:10.669Z] [31merror[39m: PrismaClientKnownRequestError: 
Invalid `prisma.testModel.findFirst()` invocation in
/Users/tamdeptrai/telebot/src/routes/test.router.ts:8:35

  5 
  6 testRouter.get("/test", async (req, res) => {
  7   console.log("fuck");
→ 8   res.json(await prisma.testModel.findFirst(
The table `testmodel` does not exist in the current database.
    at zr.handleRequestError (/Users/tamdeptrai/telebot/node_modules/@prisma/client/src/runtime/RequestHandler.ts:237:13)
    at zr.handleAndLogRequestError (/Users/tamdeptrai/telebot/node_modules/@prisma/client/src/runtime/RequestHandler.ts:183:12)
    at zr.request (/Users/tamdeptrai/telebot/node_modules/@prisma/client/src/runtime/RequestHandler.ts:152:12)
    at processTicksAndRejections (node:internal/process/task_queues:105:5)
    at async a (/Users/tamdeptrai/telebot/node_modules/@prisma/client/src/runtime/getPrismaClient.ts:963:24)
    at async /Users/tamdeptrai/telebot/src/routes/test.router.ts:8:12
[2026-05-26T02:53:12.042Z] [32minfo[39m: GET /api/test
[2026-05-26T02:53:12.047Z] [31merror[39m: PrismaClientKnownRequestError: 
Invalid `prisma.testModel.findFirst()` invocation in
/Users/tamdeptrai/telebot/src/routes/test.router.ts:8:35

  5 
  6 testRouter.get("/test", async (req, res) => {
  7   console.log("fuck");
→ 8   res.json(await prisma.testModel.findFirst(
The table `testmodel` does not exist in the current database.
    at zr.handleRequestError (/Users/tamdeptrai/telebot/node_modules/@prisma/client/src/runtime/RequestHandler.ts:237:13)
    at zr.handleAndLogRequestError (/Users/tamdeptrai/telebot/node_modules/@prisma/client/src/runtime/RequestHandler.ts:183:12)
    at zr.request (/Users/tamdeptrai/telebot/node_modules/@prisma/client/src/runtime/RequestHandler.ts:152:12)
    at processTicksAndRejections (node:internal/process/task_queues:105:5)
    at async a (/Users/tamdeptrai/telebot/node_modules/@prisma/client/src/runtime/getPrismaClient.ts:963:24)
    at async /Users/tamdeptrai/telebot/src/routes/test.router.ts:8:12
[2026-05-26T02:53:12.679Z] [32minfo[39m: GET /api/test
[2026-05-26T02:53:12.683Z] [31merror[39m: PrismaClientKnownRequestError: 
Invalid `prisma.testModel.findFirst()` invocation in
/Users/tamdeptrai/telebot/src/routes/test.router.ts:8:35

  5 
  6 testRouter.get("/test", async (req, res) => {
  7   console.log("fuck");
→ 8   res.json(await prisma.testModel.findFirst(
The table `testmodel` does not exist in the current database.
    at zr.handleRequestError (/Users/tamdeptrai/telebot/node_modules/@prisma/client/src/runtime/RequestHandler.ts:237:13)
    at zr.handleAndLogRequestError (/Users/tamdeptrai/telebot/node_modules/@prisma/client/src/runtime/RequestHandler.ts:183:12)
    at zr.request (/Users/tamdeptrai/telebot/node_modules/@prisma/client/src/runtime/RequestHandler.ts:152:12)
    at processTicksAndRejections (node:internal/process/task_queues:105:5)
    at async a (/Users/tamdeptrai/telebot/node_modules/@prisma/client/src/runtime/getPrismaClient.ts:963:24)
    at async /Users/tamdeptrai/telebot/src/routes/test.router.ts:8:12
[2026-05-26T02:53:13.088Z] [32minfo[39m: GET /api/test
[2026-05-26T02:53:13.090Z] [31merror[39m: PrismaClientKnownRequestError: 
Invalid `prisma.testModel.findFirst()` invocation in
/Users/tamdeptrai/telebot/src/routes/test.router.ts:8:35

  5 
  6 testRouter.get("/test", async (req, res) => {
  7   console.log("fuck");
→ 8   res.json(await prisma.testModel.findFirst(
The table `testmodel` does not exist in the current database.
    at zr.handleRequestError (/Users/tamdeptrai/telebot/node_modules/@prisma/client/src/runtime/RequestHandler.ts:237:13)
    at zr.handleAndLogRequestError (/Users/tamdeptrai/telebot/node_modules/@prisma/client/src/runtime/RequestHandler.ts:183:12)
    at zr.request (/Users/tamdeptrai/telebot/node_modules/@prisma/client/src/runtime/RequestHandler.ts:152:12)
    at processTicksAndRejections (node:internal/process/task_queues:105:5)
    at async a (/Users/tamdeptrai/telebot/node_modules/@prisma/client/src/runtime/getPrismaClient.ts:963:24)
    at async /Users/tamdeptrai/telebot/src/routes/test.router.ts:8:12
[2026-05-26T02:53:13.670Z] [32minfo[39m: GET /api/test
[2026-05-26T02:53:13.673Z] [31merror[39m: PrismaClientKnownRequestError: 
Invalid `prisma.testModel.findFirst()` invocation in
/Users/tamdeptrai/telebot/src/routes/test.router.ts:8:35

  5 
  6 testRouter.get("/test", async (req, res) => {
  7   console.log("fuck");
→ 8   res.json(await prisma.testModel.findFirst(
The table `testmodel` does not exist in the current database.
    at zr.handleRequestError (/Users/tamdeptrai/telebot/node_modules/@prisma/client/src/runtime/RequestHandler.ts:237:13)
    at zr.handleAndLogRequestError (/Users/tamdeptrai/telebot/node_modules/@prisma/client/src/runtime/RequestHandler.ts:183:12)
    at zr.request (/Users/tamdeptrai/telebot/node_modules/@prisma/client/src/runtime/RequestHandler.ts:152:12)
    at processTicksAndRejections (node:internal/process/task_queues:105:5)
    at async a (/Users/tamdeptrai/telebot/node_modules/@prisma/client/src/runtime/getPrismaClient.ts:963:24)
    at async /Users/tamdeptrai/telebot/src/routes/test.router.ts:8:12
[2026-05-26T02:56:09.425Z] [32minfo[39m: GET /api/test
[2026-05-26T02:56:09.440Z] [31merror[39m: PrismaClientKnownRequestError: 
Invalid `prisma.testModel.findFirst()` invocation in
/Users/tamdeptrai/telebot/src/routes/test.router.ts:8:35

  5 
  6 testRouter.get("/test", async (req, res) => {
  7   console.log("fuck");
→ 8   res.json(await prisma.testModel.findFirst(
The table `testmodel` does not exist in the current database.
    at zr.handleRequestError (/Users/tamdeptrai/telebot/node_modules/@prisma/client/src/runtime/RequestHandler.ts:237:13)
    at zr.handleAndLogRequestError (/Users/tamdeptrai/telebot/node_modules/@prisma/client/src/runtime/RequestHandler.ts:183:12)
    at zr.request (/Users/tamdeptrai/telebot/node_modules/@prisma/client/src/runtime/RequestHandler.ts:152:12)
    at processTicksAndRejections (node:internal/process/task_queues:105:5)
    at async a (/Users/tamdeptrai/telebot/node_modules/@prisma/client/src/runtime/getPrismaClient.ts:963:24)
    at async /Users/tamdeptrai/telebot/src/routes/test.router.ts:8:12
[2026-05-26T02:56:10.768Z] [32minfo[39m: GET /api/test
[2026-05-26T02:56:10.778Z] [31merror[39m: PrismaClientKnownRequestError: 
Invalid `prisma.testModel.findFirst()` invocation in
/Users/tamdeptrai/telebot/src/routes/test.router.ts:8:35

  5 
  6 testRouter.get("/test", async (req, res) => {
  7   console.log("fuck");
→ 8   res.json(await prisma.testModel.findFirst(
The table `testmodel` does not exist in the current database.
    at zr.handleRequestError (/Users/tamdeptrai/telebot/node_modules/@prisma/client/src/runtime/RequestHandler.ts:237:13)
    at zr.handleAndLogRequestError (/Users/tamdeptrai/telebot/node_modules/@prisma/client/src/runtime/RequestHandler.ts:183:12)
    at zr.request (/Users/tamdeptrai/telebot/node_modules/@prisma/client/src/runtime/RequestHandler.ts:152:12)
    at processTicksAndRejections (node:internal/process/task_queues:105:5)
    at async a (/Users/tamdeptrai/telebot/node_modules/@prisma/client/src/runtime/getPrismaClient.ts:963:24)
    at async /Users/tamdeptrai/telebot/src/routes/test.router.ts:8:12
[2026-05-26T02:56:56.122Z] [32minfo[39m: Server started on port 3000
[2026-05-26T02:57:06.971Z] [32minfo[39m: Server started on port 3000
[2026-05-26T02:57:20.387Z] [32minfo[39m: Server started on port 3000
[2026-05-26T02:57:21.300Z] [32minfo[39m: Server started on port 3000
[2026-05-26T02:57:24.730Z] [32minfo[39m: Server started on port 3000
[2026-05-26T02:57:29.607Z] [32minfo[39m: Server started on port 3000
[2026-05-26T02:57:38.598Z] [32minfo[39m: Server started on port 3000
[2026-05-26T02:57:48.426Z] [32minfo[39m: GET /api/test
[2026-05-26T02:58:07.982Z] [32minfo[39m: Server started on port 3000
[2026-05-26T02:58:09.769Z] [32minfo[39m: GET /api/test
[2026-05-26T02:58:32.279Z] [32minfo[39m: Server started on port 3000
[2026-05-26T02:58:37.469Z] [32minfo[39m: Server started on port 3000
[2026-05-26T02:58:40.213Z] [32minfo[39m: GET /api/test
[2026-05-26T03:02:45.215Z] [32minfo[39m: Server started on port 3000
[2026-05-26T03:02:47.216Z] [32minfo[39m: GET /api/test
[2026-05-26T03:02:47.310Z] [31merror[39m: PrismaClientKnownRequestError: 
Invalid `prisma.testModel.findMany()` invocation in
/Users/tamdeptrai/telebot/src/routes/test.router.ts:10:41

   7 console.log("fuck");
   8 
   9 let returnedData = null;
→ 10 returnedData = await prisma.testModel.findMany(
The table `testmodel` does not exist in the current database.
    at zr.handleRequestError (/Users/tamdeptrai/telebot/node_modules/@prisma/client/src/runtime/RequestHandler.ts:237:13)
    at zr.handleAndLogRequestError (/Users/tamdeptrai/telebot/node_modules/@prisma/client/src/runtime/RequestHandler.ts:183:12)
    at zr.request (/Users/tamdeptrai/telebot/node_modules/@prisma/client/src/runtime/RequestHandler.ts:152:12)
    at processTicksAndRejections (node:internal/process/task_queues:105:5)
    at async a (/Users/tamdeptrai/telebot/node_modules/@prisma/client/src/runtime/getPrismaClient.ts:963:24)
    at async /Users/tamdeptrai/telebot/src/routes/test.router.ts:10:18
[2026-05-26T03:02:54.239Z] [32minfo[39m: Server started on port 3000
[2026-05-26T03:02:55.981Z] [32minfo[39m: Server started on port 3000
[2026-05-26T03:07:28.150Z] [32minfo[39m: Server started on port 3000
[2026-05-26T03:07:32.469Z] [32minfo[39m: Server started on port 3000
[2026-05-26T03:07:50.659Z] [32minfo[39m: GET /api/test
[2026-05-26T03:13:32.823Z] [32minfo[39m: GET /api/test
[2026-05-26T03:14:02.643Z] [32minfo[39m: GET /api/test
[2026-05-26T03:14:03.832Z] [32minfo[39m: GET /api/test
[2026-05-26T03:14:04.310Z] [32minfo[39m: GET /api/test
[2026-05-26T03:14:32.084Z] [32minfo[39m: Server started on port 3000
[2026-05-26T03:14:32.800Z] [32minfo[39m: Server started on port 3000
[2026-05-26T03:14:35.907Z] [32minfo[39m: GET /api/test
[2026-05-26T03:14:47.406Z] [32minfo[39m: Server started on port 3000
[2026-05-26T03:14:55.122Z] [32minfo[39m: Server started on port 3000
[2026-05-26T03:14:59.681Z] [32minfo[39m: Server started on port 3000
[2026-05-26T03:15:00.925Z] [32minfo[39m: GET /api/test
[2026-05-26T03:15:01.850Z] [32minfo[39m: GET /api/test
[2026-05-26T03:15:08.167Z] [32minfo[39m: Server started on port 3000
[2026-05-26T03:15:12.537Z] [32minfo[39m: Server started on port 3000
[2026-05-26T03:15:13.768Z] [32minfo[39m: Server started on port 3000
[2026-05-26T03:15:17.928Z] [32minfo[39m: Server started on port 3000
[2026-05-26T03:15:20.136Z] [32minfo[39m: GET /api/test
[2026-05-26T03:16:53.004Z] [32minfo[39m: Server started on port 3000
[2026-05-26T03:16:54.879Z] [32minfo[39m: Server started on port 3000
[2026-05-26T03:16:57.545Z] [32minfo[39m: GET /api/test
[2026-05-26T03:18:41.423Z] [32minfo[39m: Server started on port 3000
[2026-05-26T03:18:53.247Z] [32minfo[39m: Server started on port 3000
[2026-05-26T03:18:57.704Z] [32minfo[39m: Server started on port 3000
[2026-05-26T03:19:23.858Z] [32minfo[39m: Server started on port 3000
[2026-05-26T03:19:26.995Z] [32minfo[39m: Server started on port 3000
[2026-05-26T03:19:31.341Z] [32minfo[39m: Server started on port 3000
[2026-05-26T03:19:32.453Z] [32minfo[39m: Server started on port 3000
[2026-05-26T03:19:39.140Z] [32minfo[39m: Server started on port 3000
[2026-05-26T03:21:34.579Z] [32minfo[39m: Server started on port 3000
[2026-05-26T03:21:37.785Z] [32minfo[39m: Server started on port 3000
[2026-05-26T03:22:16.127Z] [32minfo[39m: Server started on port 3000
[2026-05-26T03:22:29.916Z] [32minfo[39m: Server started on port 3000
[2026-05-26T03:22:36.730Z] [32minfo[39m: Server started on port 3000
[2026-05-26T03:22:38.650Z] [32minfo[39m: Server started on port 3000
[2026-05-26T03:22:43.824Z] [32minfo[39m: Server started on port 3000
[2026-05-26T03:22:52.406Z] [32minfo[39m: Server started on port 3000
[2026-05-26T03:22:56.921Z] [32minfo[39m: Server started on port 3000
[2026-05-26T03:22:58.762Z] [32minfo[39m: Server started on port 3000
[2026-05-26T03:23:06.027Z] [32minfo[39m: Server started on port 3000
[2026-05-26T03:23:09.397Z] [32minfo[39m: Server started on port 3000
[2026-05-26T03:23:11.783Z] [32minfo[39m: Server started on port 3000
[2026-05-26T03:23:20.629Z] [32minfo[39m: Server started on port 3000
[2026-05-26T03:23:23.240Z] [32minfo[39m: Server started on port 3000
[2026-05-26T03:23:24.577Z] [32minfo[39m: Server started on port 3000
[2026-05-26T03:23:27.806Z] [32minfo[39m: Server started on port 3000
[2026-05-26T03:23:32.492Z] [32minfo[39m: Server started on port 3000
[2026-05-26T03:23:34.736Z] [32minfo[39m: Server started on port 3000
[2026-05-26T03:23:40.548Z] [32minfo[39m: Server started on port 3000
[2026-05-26T03:23:42.416Z] [32minfo[39m: Server started on port 3000
[2026-05-26T03:23:44.608Z] [32minfo[39m: Server started on port 3000
[2026-05-26T03:23:49.373Z] [32minfo[39m: Server started on port 3000
[2026-05-26T03:23:56.438Z] [32minfo[39m: Server started on port 3000
[2026-05-26T03:24:00.200Z] [32minfo[39m: Server started on port 3000
[2026-05-26T03:24:02.041Z] [32minfo[39m: Server started on port 3000
[2026-05-26T03:24:05.586Z] [32minfo[39m: Server started on port 3000
[2026-05-26T03:24:09.314Z] [32minfo[39m: Server started on port 3000
[2026-05-26T03:24:14.671Z] [32minfo[39m: Server started on port 3000
[2026-05-26T03:24:17.759Z] [32minfo[39m: Server started on port 3000
[2026-05-26T03:24:19.774Z] [32minfo[39m: Server started on port 3000
[2026-05-26T03:24:22.354Z] [32minfo[39m: Server started on port 3000
[2026-05-26T03:24:28.717Z] [32minfo[39m: Server started on port 3000
[2026-05-26T03:24:35.755Z] [32minfo[39m: Server started on port 3000
[2026-05-26T03:24:38.791Z] [32minfo[39m: Server started on port 3000
[2026-05-26T03:24:42.875Z] [32minfo[39m: Server started on port 3000
[2026-05-26T03:24:49.322Z] [32minfo[39m: Server started on port 3000
[2026-05-26T03:24:51.914Z] [32minfo[39m: Server started on port 3000
[2026-05-26T03:24:53.186Z] [32minfo[39m: Server started on port 3000
[2026-05-26T03:24:55.898Z] [32minfo[39m: Server started on port 3000
[2026-05-26T03:25:00.207Z] [32minfo[39m: Server started on port 3000
[2026-05-26T03:25:01.963Z] [32minfo[39m: Server started on port 3000
[2026-05-26T03:25:03.778Z] [32minfo[39m: Server started on port 3000
[2026-05-26T03:25:04.399Z] [32minfo[39m: Server started on port 3000
[2026-05-26T03:25:09.089Z] [32minfo[39m: Server started on port 3000
[2026-05-26T03:25:11.171Z] [32minfo[39m: Server started on port 3000
[2026-05-26T03:25:13.625Z] [32minfo[39m: Server started on port 3000
[2026-05-26T03:25:16.819Z] [32minfo[39m: Server started on port 3000
[2026-05-26T03:25:19.141Z] [32minfo[39m: Server started on port 3000
[2026-05-26T03:25:22.129Z] [32minfo[39m: Server started on port 3000
[2026-05-26T03:25:25.251Z] [32minfo[39m: Server started on port 3000
[2026-05-26T03:25:27.517Z] [32minfo[39m: Server started on port 3000
[2026-05-26T03:25:31.130Z] [32minfo[39m: Server started on port 3000
[2026-05-26T03:25:32.245Z] [32minfo[39m: Server started on port 3000
[2026-05-26T03:25:38.402Z] [32minfo[39m: Server started on port 3000
[2026-05-26T03:25:39.522Z] [32minfo[39m: Server started on port 3000
[2026-05-26T03:25:48.130Z] [32minfo[39m: Server started on port 3000
[2026-05-26T03:25:53.664Z] [32minfo[39m: Server started on port 3000
[2026-05-26T03:25:55.012Z] [32minfo[39m: Server started on port 3000
[2026-05-26T03:26:03.060Z] [32minfo[39m: Server started on port 3000
[2026-05-26T03:26:04.119Z] [32minfo[39m: Server started on port 3000
[2026-05-26T03:26:20.187Z] [32minfo[39m: Server started on port 3000
[2026-05-26T03:26:24.708Z] [32minfo[39m: Server started on port 3000
[2026-05-26T03:26:26.974Z] [32minfo[39m: Server started on port 3000
[2026-05-26T03:26:28.031Z] [32minfo[39m: Server started on port 3000
[2026-05-26T03:26:32.178Z] [32minfo[39m: Server started on port 3000
[2026-05-26T03:26:33.677Z] [32minfo[39m: Server started on port 3000
[2026-05-26T03:26:36.760Z] [32minfo[39m: Server started on port 3000
[2026-05-26T03:26:42.551Z] [32minfo[39m: Server started on port 3000
[2026-05-26T03:26:49.171Z] [32minfo[39m: Server started on port 3000
[2026-05-26T03:26:50.389Z] [32minfo[39m: Server started on port 3000
[2026-05-26T03:26:59.199Z] [32minfo[39m: Server started on port 3000
[2026-05-26T03:27:01.878Z] [32minfo[39m: Server started on port 3000
[2026-05-26T03:27:05.005Z] [32minfo[39m: Server started on port 3000
[2026-05-26T03:27:08.458Z] [32minfo[39m: Server started on port 3000
[2026-05-26T03:27:18.020Z] [32minfo[39m: Server started on port 3000
[2026-05-26T03:27:25.639Z] [32minfo[39m: Server started on port 3000
[2026-05-26T03:27:28.374Z] [32minfo[39m: Server started on port 3000
[2026-05-26T03:27:36.635Z] [32minfo[39m: Server started on port 3000
[2026-05-26T03:27:40.629Z] [32minfo[39m: Server started on port 3000
[2026-05-26T03:27:41.773Z] [32minfo[39m: Server started on port 3000
[2026-05-26T03:27:45.068Z] [32minfo[39m: Server started on port 3000
[2026-05-26T03:27:47.440Z] [32minfo[39m: Server started on port 3000
[2026-05-26T03:27:51.129Z] [32minfo[39m: Server started on port 3000
[2026-05-26T03:27:59.067Z] [32minfo[39m: Server started on port 3000
[2026-05-26T03:28:03.954Z] [32minfo[39m: Server started on port 3000
[2026-05-26T03:28:07.242Z] [32minfo[39m: Server started on port 3000
[2026-05-26T03:28:09.575Z] [32minfo[39m: Server started on port 3000
[2026-05-26T03:28:11.133Z] [32minfo[39m: Server started on port 3000
[2026-05-26T03:28:12.091Z] [32minfo[39m: Server started on port 3000
[2026-05-26T03:28:13.379Z] [32minfo[39m: Server started on port 3000
[2026-05-26T03:28:17.123Z] [32minfo[39m: Server started on port 3000
[2026-05-26T03:28:22.154Z] [32minfo[39m: Server started on port 3000
[2026-05-26T03:28:22.825Z] [32minfo[39m: Server started on port 3000
[2026-05-26T04:07:30.096Z] [32minfo[39m: Server started on port 3000
[2026-05-26T04:07:31.698Z] [32minfo[39m: Server started on port 3000
[2026-05-26T04:07:33.335Z] [32minfo[39m: Server started on port 3000
[2026-05-26T04:07:35.773Z] [32minfo[39m: Server started on port 3000
[2026-05-26T04:07:57.517Z] [32minfo[39m: Server started on port 3000
[2026-05-26T04:08:04.570Z] [32minfo[39m: Server started on port 3000
[2026-05-26T04:08:19.360Z] [32minfo[39m: GET /api/test
[2026-05-26T04:08:20.881Z] [32minfo[39m: GET /api/test
[2026-05-26T04:08:24.008Z] [32minfo[39m: Server started on port 3000
[2026-05-26T04:08:25.941Z] [32minfo[39m: GET /api/test
[2026-05-26T04:08:26.812Z] [32minfo[39m: GET /api/test
[2026-05-26T04:08:27.507Z] [32minfo[39m: GET /api/test
[2026-05-26T04:08:28.144Z] [32minfo[39m: GET /api/test
[2026-05-26T04:08:48.852Z] [32minfo[39m: Server started on port 3000
[2026-05-26T04:08:52.290Z] [32minfo[39m: Server started on port 3000
[2026-05-26T04:08:57.275Z] [32minfo[39m: GET /api/test
[2026-05-26T04:09:11.134Z] [32minfo[39m: Server started on port 3000
[2026-05-26T04:09:17.506Z] [32minfo[39m: Server started on port 3000
[2026-05-26T04:09:21.420Z] [32minfo[39m: Server started on port 3000
[2026-05-26T04:09:28.240Z] [32minfo[39m: Server started on port 3000
[2026-05-26T04:09:40.718Z] [32minfo[39m: Server started on port 3000
[2026-05-26T04:09:42.412Z] [32minfo[39m: Server started on port 3000
[2026-05-26T04:09:49.502Z] [32minfo[39m: Server started on port 3000
[2026-05-26T04:09:53.193Z] [32minfo[39m: Server started on port 3000
[2026-05-26T04:09:54.387Z] [32minfo[39m: Server started on port 3000
[2026-05-26T04:09:59.682Z] [32minfo[39m: GET /api/test
[2026-05-26T04:10:00.898Z] [32minfo[39m: GET /api/test
[2026-05-26T04:10:05.801Z] [32minfo[39m: Server started on port 3000
[2026-05-26T04:10:10.744Z] [32minfo[39m: Server started on port 3000
[2026-05-26T04:10:12.715Z] [32minfo[39m: GET /api/test
[2026-05-26T04:11:08.930Z] [32minfo[39m: Server started on port 3000
[2026-05-26T04:11:10.191Z] [32minfo[39m: Server started on port 3000
[2026-05-26T04:11:18.015Z] [32minfo[39m: Server started on port 3000
[2026-05-26T04:11:20.507Z] [32minfo[39m: GET /api/test
[2026-05-26T04:11:27.034Z] [32minfo[39m: Server started on port 3000
[2026-05-26T04:11:31.250Z] [32minfo[39m: Server started on port 3000
[2026-05-26T04:11:32.323Z] [32minfo[39m: Server started on port 3000
[2026-05-26T04:11:39.098Z] [32minfo[39m: GET /api/test
[2026-05-26T04:16:41.522Z] [32minfo[39m: Server started on port 3000
[2026-05-26T04:16:43.878Z] [32minfo[39m: Server started on port 3000
[2026-05-26T04:16:48.350Z] [32minfo[39m: Server started on port 3000
[2026-05-26T04:16:54.471Z] [32minfo[39m: Server started on port 3000
[2026-05-26T04:18:17.927Z] [32minfo[39m: Server started on port 3000
[2026-05-26T04:18:18.980Z] [32minfo[39m: Server started on port 3000
[2026-05-26T04:18:33.346Z] [32minfo[39m: Server started on port 3000
[2026-05-26T04:18:34.973Z] [32minfo[39m: Server started on port 3000
[2026-05-26T04:18:36.054Z] [32minfo[39m: Server started on port 3000
[2026-05-26T04:18:45.431Z] [32minfo[39m: Server started on port 3000
[2026-05-26T04:19:31.754Z] [32minfo[39m: Server started on port 3000
[2026-05-26T06:46:06.121Z] [32minfo[39m: Server started on port 3000
[2026-05-26T06:46:09.382Z] [32minfo[39m: GET /api/test
[2026-05-26T06:46:42.982Z] [32minfo[39m: Server started on port 3000
