[2026-05-26T02:53:10.669Z] [31merror[39m: PrismaClientKnownRequestError: 
Invalid `prisma.testModel.findFirst()` invocation in
/Users/tamdeptrai/telebot/src/routes/test.router.ts:8:35

  5 
  6 testRouter.get("/test", async (req, res) => {
  7   console.log("fuck");
→ 8   res.json(await prisma.testModel.findFirst(
The table `testmodel` does not exist in the current database.
    at zr.handleRequestError (/Users/tamdeptrai/telebot/node_modules/@prisma/client/src/runtime/RequestHandler.ts:237:13)
    at zr.handleAndLogRequestError (/Users/tamdeptrai/telebot/node_modules/@prisma/client/src/runtime/RequestHandler.ts:183:12)
    at zr.request (/Users/tamdeptrai/telebot/node_modules/@prisma/client/src/runtime/RequestHandler.ts:152:12)
    at processTicksAndRejections (node:internal/process/task_queues:105:5)
    at async a (/Users/tamdeptrai/telebot/node_modules/@prisma/client/src/runtime/getPrismaClient.ts:963:24)
    at async /Users/tamdeptrai/telebot/src/routes/test.router.ts:8:12
[2026-05-26T02:53:12.047Z] [31merror[39m: PrismaClientKnownRequestError: 
Invalid `prisma.testModel.findFirst()` invocation in
/Users/tamdeptrai/telebot/src/routes/test.router.ts:8:35

  5 
  6 testRouter.get("/test", async (req, res) => {
  7   console.log("fuck");
→ 8   res.json(await prisma.testModel.findFirst(
The table `testmodel` does not exist in the current database.
    at zr.handleRequestError (/Users/tamdeptrai/telebot/node_modules/@prisma/client/src/runtime/RequestHandler.ts:237:13)
    at zr.handleAndLogRequestError (/Users/tamdeptrai/telebot/node_modules/@prisma/client/src/runtime/RequestHandler.ts:183:12)
    at zr.request (/Users/tamdeptrai/telebot/node_modules/@prisma/client/src/runtime/RequestHandler.ts:152:12)
    at processTicksAndRejections (node:internal/process/task_queues:105:5)
    at async a (/Users/tamdeptrai/telebot/node_modules/@prisma/client/src/runtime/getPrismaClient.ts:963:24)
    at async /Users/tamdeptrai/telebot/src/routes/test.router.ts:8:12
[2026-05-26T02:53:12.683Z] [31merror[39m: PrismaClientKnownRequestError: 
Invalid `prisma.testModel.findFirst()` invocation in
/Users/tamdeptrai/telebot/src/routes/test.router.ts:8:35

  5 
  6 testRouter.get("/test", async (req, res) => {
  7   console.log("fuck");
→ 8   res.json(await prisma.testModel.findFirst(
The table `testmodel` does not exist in the current database.
    at zr.handleRequestError (/Users/tamdeptrai/telebot/node_modules/@prisma/client/src/runtime/RequestHandler.ts:237:13)
    at zr.handleAndLogRequestError (/Users/tamdeptrai/telebot/node_modules/@prisma/client/src/runtime/RequestHandler.ts:183:12)
    at zr.request (/Users/tamdeptrai/telebot/node_modules/@prisma/client/src/runtime/RequestHandler.ts:152:12)
    at processTicksAndRejections (node:internal/process/task_queues:105:5)
    at async a (/Users/tamdeptrai/telebot/node_modules/@prisma/client/src/runtime/getPrismaClient.ts:963:24)
    at async /Users/tamdeptrai/telebot/src/routes/test.router.ts:8:12
[2026-05-26T02:53:13.090Z] [31merror[39m: PrismaClientKnownRequestError: 
Invalid `prisma.testModel.findFirst()` invocation in
/Users/tamdeptrai/telebot/src/routes/test.router.ts:8:35

  5 
  6 testRouter.get("/test", async (req, res) => {
  7   console.log("fuck");
→ 8   res.json(await prisma.testModel.findFirst(
The table `testmodel` does not exist in the current database.
    at zr.handleRequestError (/Users/tamdeptrai/telebot/node_modules/@prisma/client/src/runtime/RequestHandler.ts:237:13)
    at zr.handleAndLogRequestError (/Users/tamdeptrai/telebot/node_modules/@prisma/client/src/runtime/RequestHandler.ts:183:12)
    at zr.request (/Users/tamdeptrai/telebot/node_modules/@prisma/client/src/runtime/RequestHandler.ts:152:12)
    at processTicksAndRejections (node:internal/process/task_queues:105:5)
    at async a (/Users/tamdeptrai/telebot/node_modules/@prisma/client/src/runtime/getPrismaClient.ts:963:24)
    at async /Users/tamdeptrai/telebot/src/routes/test.router.ts:8:12
[2026-05-26T02:53:13.673Z] [31merror[39m: PrismaClientKnownRequestError: 
Invalid `prisma.testModel.findFirst()` invocation in
/Users/tamdeptrai/telebot/src/routes/test.router.ts:8:35

  5 
  6 testRouter.get("/test", async (req, res) => {
  7   console.log("fuck");
→ 8   res.json(await prisma.testModel.findFirst(
The table `testmodel` does not exist in the current database.
    at zr.handleRequestError (/Users/tamdeptrai/telebot/node_modules/@prisma/client/src/runtime/RequestHandler.ts:237:13)
    at zr.handleAndLogRequestError (/Users/tamdeptrai/telebot/node_modules/@prisma/client/src/runtime/RequestHandler.ts:183:12)
    at zr.request (/Users/tamdeptrai/telebot/node_modules/@prisma/client/src/runtime/RequestHandler.ts:152:12)
    at processTicksAndRejections (node:internal/process/task_queues:105:5)
    at async a (/Users/tamdeptrai/telebot/node_modules/@prisma/client/src/runtime/getPrismaClient.ts:963:24)
    at async /Users/tamdeptrai/telebot/src/routes/test.router.ts:8:12
[2026-05-26T02:56:09.440Z] [31merror[39m: PrismaClientKnownRequestError: 
Invalid `prisma.testModel.findFirst()` invocation in
/Users/tamdeptrai/telebot/src/routes/test.router.ts:8:35

  5 
  6 testRouter.get("/test", async (req, res) => {
  7   console.log("fuck");
→ 8   res.json(await prisma.testModel.findFirst(
The table `testmodel` does not exist in the current database.
    at zr.handleRequestError (/Users/tamdeptrai/telebot/node_modules/@prisma/client/src/runtime/RequestHandler.ts:237:13)
    at zr.handleAndLogRequestError (/Users/tamdeptrai/telebot/node_modules/@prisma/client/src/runtime/RequestHandler.ts:183:12)
    at zr.request (/Users/tamdeptrai/telebot/node_modules/@prisma/client/src/runtime/RequestHandler.ts:152:12)
    at processTicksAndRejections (node:internal/process/task_queues:105:5)
    at async a (/Users/tamdeptrai/telebot/node_modules/@prisma/client/src/runtime/getPrismaClient.ts:963:24)
    at async /Users/tamdeptrai/telebot/src/routes/test.router.ts:8:12
[2026-05-26T02:56:10.778Z] [31merror[39m: PrismaClientKnownRequestError: 
Invalid `prisma.testModel.findFirst()` invocation in
/Users/tamdeptrai/telebot/src/routes/test.router.ts:8:35

  5 
  6 testRouter.get("/test", async (req, res) => {
  7   console.log("fuck");
→ 8   res.json(await prisma.testModel.findFirst(
The table `testmodel` does not exist in the current database.
    at zr.handleRequestError (/Users/tamdeptrai/telebot/node_modules/@prisma/client/src/runtime/RequestHandler.ts:237:13)
    at zr.handleAndLogRequestError (/Users/tamdeptrai/telebot/node_modules/@prisma/client/src/runtime/RequestHandler.ts:183:12)
    at zr.request (/Users/tamdeptrai/telebot/node_modules/@prisma/client/src/runtime/RequestHandler.ts:152:12)
    at processTicksAndRejections (node:internal/process/task_queues:105:5)
    at async a (/Users/tamdeptrai/telebot/node_modules/@prisma/client/src/runtime/getPrismaClient.ts:963:24)
    at async /Users/tamdeptrai/telebot/src/routes/test.router.ts:8:12
[2026-05-26T03:02:47.310Z] [31merror[39m: PrismaClientKnownRequestError: 
Invalid `prisma.testModel.findMany()` invocation in
/Users/tamdeptrai/telebot/src/routes/test.router.ts:10:41

   7 console.log("fuck");
   8 
   9 let returnedData = null;
→ 10 returnedData = await prisma.testModel.findMany(
The table `testmodel` does not exist in the current database.
    at zr.handleRequestError (/Users/tamdeptrai/telebot/node_modules/@prisma/client/src/runtime/RequestHandler.ts:237:13)
    at zr.handleAndLogRequestError (/Users/tamdeptrai/telebot/node_modules/@prisma/client/src/runtime/RequestHandler.ts:183:12)
    at zr.request (/Users/tamdeptrai/telebot/node_modules/@prisma/client/src/runtime/RequestHandler.ts:152:12)
    at processTicksAndRejections (node:internal/process/task_queues:105:5)
    at async a (/Users/tamdeptrai/telebot/node_modules/@prisma/client/src/runtime/getPrismaClient.ts:963:24)
    at async /Users/tamdeptrai/telebot/src/routes/test.router.ts:10:18
